[    0.000000] Linux version 4.15.0-112-generic (buildd@lcy01-amd64-027) (gcc version 7.5.0 (Ubuntu 7.5.0-3ubuntu1~18.04)) #113-Ubuntu SMP Thu Jul 9 23:41:39 UTC 2020 (Ubuntu 4.15.0-112.113-generic 4.15.18)
[    0.000000] Command line: BOOT_IMAGE=/boot/vmlinuz-4.15.0-112-generic root=LABEL=cloudimg-rootfs ro console=tty1 console=ttyS0
[    0.000000] KERNEL supported cpus:
[    0.000000]   Intel GenuineIntel
[    0.000000]   AMD AuthenticAMD
[    0.000000]   Centaur CentaurHauls
[    0.000000] [Firmware Bug]: TSC doesn't count with P0 frequency!
[    0.000000] x86/fpu: Supporting XSAVE feature 0x001: 'x87 floating point registers'
[    0.000000] x86/fpu: Supporting XSAVE feature 0x002: 'SSE registers'
[    0.000000] x86/fpu: Supporting XSAVE feature 0x004: 'AVX registers'
[    0.000000] x86/fpu: xstate_offset[2]:  576, xstate_sizes[2]:  256
[    0.000000] x86/fpu: Enabled xstate features 0x7, context size is 832 bytes, using 'standard' format.
[    0.000000] e820: BIOS-provided physical RAM map:
[    0.000000] BIOS-e820: [mem 0x0000000000000000-0x000000000009fbff] usable
[    0.000000] BIOS-e820: [mem 0x000000000009fc00-0x000000000009ffff] reserved
[    0.000000] BIOS-e820: [mem 0x00000000000f0000-0x00000000000fffff] reserved
[    0.000000] BIOS-e820: [mem 0x0000000000100000-0x000000001ffeffff] usable
[    0.000000] BIOS-e820: [mem 0x000000001fff0000-0x000000001fffffff] ACPI data
[    0.000000] BIOS-e820: [mem 0x00000000fec00000-0x00000000fec00fff] reserved
[    0.000000] BIOS-e820: [mem 0x00000000fee00000-0x00000000fee00fff] reserved
[    0.000000] BIOS-e820: [mem 0x00000000fffc0000-0x00000000ffffffff] reserved
[    0.000000] NX (Execute Disable) protection: active
[    0.000000] SMBIOS 2.5 present.
[    0.000000] DMI: innotek GmbH VirtualBox/VirtualBox, BIOS VirtualBox 12/01/2006
[    0.000000] Hypervisor detected: KVM
[    0.000000] e820: last_pfn = 0x1fff0 max_arch_pfn = 0x400000000
[    0.000000] MTRR: Disabled
[    0.000000] x86/PAT: MTRRs disabled, skipping PAT initialization too.
[    0.000000] CPU MTRRs all blank - virtualized system.
[    0.000000] x86/PAT: Configuration [0-7]: WB  WT  UC- UC  WB  WT  UC- UC  
[    0.000000] found SMP MP-table at [mem 0x0009fff0-0x0009ffff]
[    0.000000] Scanning 1 areas for low memory corruption
[    0.000000] RAMDISK: [mem 0x1db56000-0x1ee18fff]
[    0.000000] ACPI: Early table checksum verification disabled
[    0.000000] ACPI: RSDP 0x00000000000E0000 000024 (v02 VBOX  )
[    0.000000] ACPI: XSDT 0x000000001FFF0030 00003C (v01 VBOX   VBOXXSDT 00000001 ASL  00000061)
[    0.000000] ACPI: FACP 0x000000001FFF00F0 0000F4 (v04 VBOX   VBOXFACP 00000001 ASL  00000061)
[    0.000000] ACPI: DSDT 0x000000001FFF0470 002325 (v02 VBOX   VBOXBIOS 00000002 INTL 20100528)
[    0.000000] ACPI: FACS 0x000000001FFF0200 000040
[    0.000000] ACPI: FACS 0x000000001FFF0200 000040
[    0.000000] ACPI: APIC 0x000000001FFF0240 000054 (v02 VBOX   VBOXAPIC 00000001 ASL  00000061)
[    0.000000] ACPI: SSDT 0x000000001FFF02A0 0001CC (v01 VBOX   VBOXCPUT 00000002 INTL 20100528)
[    0.000000] No NUMA configuration found
[    0.000000] Faking a node at [mem 0x0000000000000000-0x000000001ffeffff]
[    0.000000] NODE_DATA(0) allocated [mem 0x1ffc5000-0x1ffeffff]
[    0.000000] kvm-clock: cpu 0, msr 0:1ff44001, primary cpu clock
[    0.000000] kvm-clock: Using msrs 4b564d01 and 4b564d00
[    0.000000] kvm-clock: using sched offset of 4047718804 cycles
[    0.000000] clocksource: kvm-clock: mask: 0xffffffffffffffff max_cycles: 0x1cd42e4dffb, max_idle_ns: 881590591483 ns
[    0.000000] Zone ranges:
[    0.000000]   DMA      [mem 0x0000000000001000-0x0000000000ffffff]
[    0.000000]   DMA32    [mem 0x0000000001000000-0x000000001ffeffff]
[    0.000000]   Normal   empty
[    0.000000]   Device   empty
[    0.000000] Movable zone start for each node
[    0.000000] Early memory node ranges
[    0.000000]   node   0: [mem 0x0000000000001000-0x000000000009efff]
[    0.000000]   node   0: [mem 0x0000000000100000-0x000000001ffeffff]
[    0.000000] Reserved but unavailable: 98 pages
[    0.000000] Initmem setup node 0 [mem 0x0000000000001000-0x000000001ffeffff]
[    0.000000] ACPI: PM-Timer IO Port: 0x4008
[    0.000000] IOAPIC[0]: apic_id 1, version 32, address 0xfec00000, GSI 0-23
[    0.000000] ACPI: INT_SRC_OVR (bus 0 bus_irq 0 global_irq 2 dfl dfl)
[    0.000000] ACPI: INT_SRC_OVR (bus 0 bus_irq 9 global_irq 9 low level)
[    0.000000] Using ACPI (MADT) for SMP configuration information
[    0.000000] smpboot: Allowing 1 CPUs, 0 hotplug CPUs
[    0.000000] PM: Registered nosave memory: [mem 0x00000000-0x00000fff]
[    0.000000] PM: Registered nosave memory: [mem 0x0009f000-0x0009ffff]
[    0.000000] PM: Registered nosave memory: [mem 0x000a0000-0x000effff]
[    0.000000] PM: Registered nosave memory: [mem 0x000f0000-0x000fffff]
[    0.000000] e820: [mem 0x20000000-0xfebfffff] available for PCI devices
[    0.000000] Booting paravirtualized kernel on KVM
[    0.000000] clocksource: refined-jiffies: mask: 0xffffffff max_cycles: 0xffffffff, max_idle_ns: 7645519600211568 ns
[    0.000000] random: get_random_bytes called from start_kernel+0x99/0x500 with crng_init=0
[    0.000000] setup_percpu: NR_CPUS:8192 nr_cpumask_bits:1 nr_cpu_ids:1 nr_node_ids:1
[    0.000000] percpu: Embedded 45 pages/cpu s147456 r8192 d28672 u2097152
[    0.000000] PV qspinlock hash table entries: 256 (order: 0, 4096 bytes)
[    0.000000] Built 1 zonelists, mobility grouping on.  Total pages: 128889
[    0.000000] Policy zone: DMA32
[    0.000000] Kernel command line: BOOT_IMAGE=/boot/vmlinuz-4.15.0-112-generic root=LABEL=cloudimg-rootfs ro console=tty1 console=ttyS0
[    0.000000] Memory: 467124K/523832K available (12300K kernel code, 2481K rwdata, 4272K rodata, 2436K init, 2720K bss, 56708K reserved, 0K cma-reserved)
[    0.000000] SLUB: HWalign=64, Order=0-3, MinObjects=0, CPUs=1, Nodes=1
[    0.000000] ftrace: allocating 39378 entries in 154 pages
[    0.004000] Hierarchical RCU implementation.
[    0.004000] 	RCU restricting CPUs from NR_CPUS=8192 to nr_cpu_ids=1.
[    0.004000] 	Tasks RCU enabled.
[    0.004000] RCU: Adjusting geometry for rcu_fanout_leaf=16, nr_cpu_ids=1
[    0.004000] NR_IRQS: 524544, nr_irqs: 256, preallocated irqs: 16
[    0.004000] Console: colour VGA+ 80x25
[    0.004000] console [tty1] enabled
[    0.004000] console [ttyS0] enabled
[    0.004000] ACPI: Core revision 20170831
[    0.004000] ACPI: 2 ACPI AML tables successfully acquired and loaded
[    0.004000] APIC: Switch to symmetric I/O mode setup
[    0.004000] x2apic enabled
[    0.004000] Switched APIC routing to physical x2apic.
[    0.004000] ..TIMER: vector=0x30 apic1=0 pin1=2 apic2=-1 pin2=-1
[    0.004008] tsc: Detected 1996.235 MHz processor
[    0.005377] Calibrating delay loop (skipped) preset value.. 3992.47 BogoMIPS (lpj=7984940)
[    0.008008] pid_max: default: 32768 minimum: 301
[    0.009500] Security Framework initialized
[    0.010718] Yama: becoming mindful.
[    0.012058] AppArmor: AppArmor initialized
[    0.013458] Dentry cache hash table entries: 65536 (order: 7, 524288 bytes)
[    0.015486] Inode-cache hash table entries: 32768 (order: 6, 262144 bytes)
[    0.016020] Mount-cache hash table entries: 1024 (order: 1, 8192 bytes)
[    0.020008] Mountpoint-cache hash table entries: 1024 (order: 1, 8192 bytes)
[    0.022431] CPU0: Hyper-Threading is disabled
[    0.024163] Last level iTLB entries: 4KB 1024, 2MB 1024, 4MB 512
[    0.025860] Last level dTLB entries: 4KB 1536, 2MB 1536, 4MB 768, 1GB 0
[    0.027789] Spectre V1 : Mitigation: usercopy/swapgs barriers and __user pointer sanitization
[    0.028008] Spectre V2 : Spectre mitigation: LFENCE not serializing, switching to generic retpoline
[    0.032005] Spectre V2 : Mitigation: Full generic retpoline
[    0.033447] Spectre V2 : Spectre v2 / SpectreRSB mitigation: Filling RSB on context switch
[    0.035084] Speculative Store Bypass: Mitigation: Speculative Store Bypass disabled via prctl and seccomp
[    0.046646] Freeing SMP alternatives memory: 36K
[    0.158260] smpboot: CPU0: AMD Ryzen 5 2500U with Radeon Vega Mobile Gfx (family: 0x17, model: 0x11, stepping: 0x0)
[    0.160000] Performance Events: PMU not available due to virtualization, using software events only.
[    0.160000] Hierarchical SRCU implementation.
[    0.162883] NMI watchdog: Perf event create on CPU 0 failed with -2
[    0.164004] NMI watchdog: Perf NMI watchdog permanently disabled
[    0.165215] smp: Bringing up secondary CPUs ...
[    0.166127] smp: Brought up 1 node, 1 CPU
[    0.168004] smpboot: Max logical packages: 1
[    0.168868] smpboot: Total of 1 processors activated (3992.47 BogoMIPS)
[    0.170361] devtmpfs: initialized
[    0.171179] x86/mm: Memory block size: 128MB
[    0.172192] evm: security.selinux
[    0.172945] evm: security.SMACK64
[    0.173663] evm: security.SMACK64EXEC
[    0.174437] evm: security.SMACK64TRANSMUTE
[    0.175278] evm: security.SMACK64MMAP
[    0.176011] evm: security.apparmor
[    0.176732] evm: security.ima
[    0.177396] evm: security.capability
[    0.178436] clocksource: jiffies: mask: 0xffffffff max_cycles: 0xffffffff, max_idle_ns: 7645041785100000 ns
[    0.180019] futex hash table entries: 256 (order: 2, 16384 bytes)
[    0.181276] pinctrl core: initialized pinctrl subsystem
[    0.182449] RTC time: 11:08:57, date: 08/20/20
[    0.183587] NET: Registered protocol family 16
[    0.184140] audit: initializing netlink subsys (disabled)
[    0.185295] audit: type=2000 audit(1597921743.297:1): state=initialized audit_enabled=0 res=1
[    0.188172] cpuidle: using governor ladder
[    0.189013] cpuidle: using governor menu
[    0.190527] ACPI: bus type PCI registered
[    0.191411] acpiphp: ACPI Hot Plug PCI Controller Driver version: 0.5
[    0.192174] PCI: Using configuration type 1 for base access
[    0.193239] PCI: Using configuration type 1 for extended access
[    0.196675] HugeTLB registered 2.00 MiB page size, pre-allocated 0 pages
[    0.198213] ACPI: Added _OSI(Module Device)
[    0.199120] ACPI: Added _OSI(Processor Device)
[    0.200000] ACPI: Added _OSI(3.0 _SCP Extensions)
[    0.200020] ACPI: Added _OSI(Processor Aggregator Device)
[    0.201092] ACPI: Added _OSI(Linux-Dell-Video)
[    0.201985] ACPI: Added _OSI(Linux-Lenovo-NV-HDMI-Audio)
[    0.203009] ACPI: Added _OSI(Linux-HPI-Hybrid-Graphics)
[    0.204503] ACPI: Executed 1 blocks of module-level executable AML code
[    0.211558] ACPI: Interpreter enabled
[    0.212020] ACPI: (supports S0 S5)
[    0.212773] ACPI: Using IOAPIC for interrupt routing
[    0.214107] PCI: Using host bridge windows from ACPI; if necessary, use "pci=nocrs" and report a bug
[    0.216000] ACPI: Enabled 2 GPEs in block 00 to 07
[    0.225905] ACPI: PCI Root Bridge [PCI0] (domain 0000 [bus 00-ff])
[    0.227150] acpi PNP0A03:00: _OSC: OS supports [ExtendedConfig ASPM ClockPM Segments MSI]
[    0.229338] acpi PNP0A03:00: _OSC: platform does not support [PCIeCapability]
[    0.231329] acpi PNP0A03:00: _OSC: not requesting control; platform does not support [PCIeCapability]
[    0.232006] acpi PNP0A03:00: _OSC: OS requested [PCIeHotplug PME AER PCIeCapability]
[    0.233462] acpi PNP0A03:00: _OSC: platform willing to grant [PCIeHotplug PME AER]
[    0.236004] acpi PNP0A03:00: _OSC failed (AE_SUPPORT); disabling ASPM
[    0.237783] PCI host bridge to bus 0000:00
[    0.238630] pci_bus 0000:00: root bus resource [io  0x0000-0x0cf7 window]
[    0.240009] pci_bus 0000:00: root bus resource [io  0x0d00-0xffff window]
[    0.241295] pci_bus 0000:00: root bus resource [mem 0x000a0000-0x000bffff window]
[    0.243374] pci_bus 0000:00: root bus resource [mem 0x20000000-0xfdffffff window]
[    0.244015] pci_bus 0000:00: root bus resource [bus 00-ff]
[    0.249204] pci 0000:00:01.1: legacy IDE quirk: reg 0x10: [io  0x01f0-0x01f7]
[    0.250633] pci 0000:00:01.1: legacy IDE quirk: reg 0x14: [io  0x03f6]
[    0.251868] pci 0000:00:01.1: legacy IDE quirk: reg 0x18: [io  0x0170-0x0177]
[    0.252011] pci 0000:00:01.1: legacy IDE quirk: reg 0x1c: [io  0x0376]
[    0.269168] pci 0000:00:07.0: quirk: [io  0x4000-0x403f] claimed by PIIX4 ACPI
[    0.270707] pci 0000:00:07.0: quirk: [io  0x4100-0x410f] claimed by PIIX4 SMB
[    0.280637] ACPI: PCI Interrupt Link [LNKA] (IRQs 5 9 10 *11)
[    0.282280] ACPI: PCI Interrupt Link [LNKB] (IRQs 5 9 *10 11)
[    0.284154] ACPI: PCI Interrupt Link [LNKC] (IRQs 5 *9 10 11)
[    0.285398] ACPI: PCI Interrupt Link [LNKD] (IRQs 5 9 10 *11)
[    0.287092] SCSI subsystem initialized
[    0.288236] pci 0000:00:02.0: vgaarb: setting as boot VGA device
[    0.289406] pci 0000:00:02.0: vgaarb: VGA device added: decodes=io+mem,owns=io+mem,locks=none
[    0.291020] pci 0000:00:02.0: vgaarb: bridge control possible
[    0.292011] vgaarb: loaded
[    0.292740] ACPI: bus type USB registered
[    0.293664] usbcore: registered new interface driver usbfs
[    0.294715] usbcore: registered new interface driver hub
[    0.296030] usbcore: registered new device driver usb
[    0.297149] EDAC MC: Ver: 3.0.0
[    0.298295] PCI: Using ACPI for IRQ routing
[    0.299593] NetLabel: Initializing
[    0.300003] NetLabel:  domain hash size = 128
[    0.300925] NetLabel:  protocols = UNLABELED CIPSOv4 CALIPSO
[    0.302019] NetLabel:  unlabeled traffic allowed by default
[    0.303319] clocksource: Switched to clocksource kvm-clock
[    0.326900] VFS: Disk quotas dquot_6.6.0
[    0.327841] VFS: Dquot-cache hash table entries: 512 (order 0, 4096 bytes)
[    0.329440] AppArmor: AppArmor Filesystem Enabled
[    0.330435] pnp: PnP ACPI init
[    0.332614] pnp: PnP ACPI: found 3 devices
[    0.339427] clocksource: acpi_pm: mask: 0xffffff max_cycles: 0xffffff, max_idle_ns: 2085701024 ns
[    0.341673] NET: Registered protocol family 2
[    0.342860] TCP established hash table entries: 4096 (order: 3, 32768 bytes)
[    0.344205] TCP bind hash table entries: 4096 (order: 4, 65536 bytes)
[    0.345537] TCP: Hash tables configured (established 4096 bind 4096)
[    0.346820] UDP hash table entries: 256 (order: 1, 8192 bytes)
[    0.347991] UDP-Lite hash table entries: 256 (order: 1, 8192 bytes)
[    0.349364] NET: Registered protocol family 1
[    0.350292] pci 0000:00:00.0: Limiting direct PCI/PCI transfers
[    0.351683] pci 0000:00:01.0: Activating ISA DMA hang workarounds
[    0.353101] pci 0000:00:02.0: Video device with shadowed ROM at [mem 0x000c0000-0x000dffff]
[    0.356738] Unpacking initramfs...
[    0.800183] Freeing initrd memory: 19212K
[    0.801441] clocksource: tsc: mask: 0xffffffffffffffff max_cycles: 0x398c932b00f, max_idle_ns: 881590680322 ns
[    0.803432] platform rtc_cmos: registered platform RTC device (no PNP device found)
[    0.805136] Scanning for low memory corruption every 60 seconds
[    0.807155] Initialise system trusted keyrings
[    0.808174] Key type blacklist registered
[    0.809161] workingset: timestamp_bits=36 max_order=17 bucket_order=0
[    0.811618] zbud: loaded
[    0.813081] squashfs: version 4.0 (2009/01/31) Phillip Lougher
[    0.814390] fuse init (API version 7.26)
[    0.816346] Key type asymmetric registered
[    0.817230] Asymmetric key parser 'x509' registered
[    0.818362] Block layer SCSI generic (bsg) driver version 0.4 loaded (major 246)
[    0.820042] io scheduler noop registered
[    0.820910] io scheduler deadline registered
[    0.821861] io scheduler cfq registered (default)
[    0.823256] ACPI: AC Adapter [AC] (off-line)
[    0.824290] input: Power Button as /devices/LNXSYSTM:00/LNXPWRBN:00/input/input0
[    0.825881] ACPI: Power Button [PWRF]
[    0.826736] input: Sleep Button as /devices/LNXSYSTM:00/LNXSLPBN:00/input/input1
[    0.828167] ACPI: Sleep Button [SLPF]
[    0.830242] ACPI: Battery Slot [BAT0] (battery present)
[    0.831446] Serial: 8250/16550 driver, 32 ports, IRQ sharing enabled
[    0.855782] 00:02: ttyS0 at I/O 0x3f8 (irq = 4, base_baud = 115200) is a 16550A
[    0.862492] Linux agpgart interface v0.103
[    0.865167] loop: module loaded
[    0.866730] scsi host0: ata_piix
[    0.867845] scsi host1: ata_piix
[    0.868816] ata1: PATA max UDMA/33 cmd 0x1f0 ctl 0x3f6 bmdma 0xd000 irq 14
[    0.870453] ata2: PATA max UDMA/33 cmd 0x170 ctl 0x376 bmdma 0xd008 irq 15
[    0.872726] libphy: Fixed MDIO Bus: probed
[    0.873619] tun: Universal TUN/TAP device driver, 1.6
[    0.874698] PPP generic driver version 2.4.2
[    0.875664] ehci_hcd: USB 2.0 'Enhanced' Host Controller (EHCI) Driver
[    0.876974] ehci-pci: EHCI PCI platform driver
[    0.877929] ehci-platform: EHCI generic platform driver
[    0.878987] ohci_hcd: USB 1.1 'Open' Host Controller (OHCI) Driver
[    0.880156] ohci-pci: OHCI PCI platform driver
[    0.882047] ohci-pci 0000:00:06.0: OHCI PCI host controller
[    0.883250] ohci-pci 0000:00:06.0: new USB bus registered, assigned bus number 1
[    0.885304] ohci-pci 0000:00:06.0: irq 22, io mem 0xf0804000
[    0.945050] usb usb1: New USB device found, idVendor=1d6b, idProduct=0001
[    0.947007] usb usb1: New USB device strings: Mfr=3, Product=2, SerialNumber=1
[    0.949151] usb usb1: Product: OHCI PCI host controller
[    0.950702] usb usb1: Manufacturer: Linux 4.15.0-112-generic ohci_hcd
[    0.952802] usb usb1: SerialNumber: 0000:00:06.0
[    0.954397] hub 1-0:1.0: USB hub found
[    0.955565] hub 1-0:1.0: 12 ports detected
[    0.957446] ohci-platform: OHCI generic platform driver
[    0.959050] uhci_hcd: USB Universal Host Controller Interface driver
[    0.960996] i8042: PNP: PS/2 Controller [PNP0303:PS2K,PNP0f03:PS2M] at 0x60,0x64 irq 1,12
[    0.964050] serio: i8042 KBD port at 0x60,0x64 irq 1
[    0.965635] serio: i8042 AUX port at 0x60,0x64 irq 12
[    0.967265] mousedev: PS/2 mouse device common for all mice
[    0.969774] input: AT Translated Set 2 keyboard as /devices/platform/i8042/serio0/input/input2
[    0.972945] rtc_cmos rtc_cmos: rtc core: registered rtc_cmos as rtc0
[    0.974856] rtc_cmos rtc_cmos: alarms up to one day, 114 bytes nvram
[    0.976722] i2c /dev entries driver
[    0.977897] device-mapper: uevent: version 1.0.3
[    0.979364] device-mapper: ioctl: 4.37.0-ioctl (2017-09-20) initialised: dm-devel@redhat.com
[    0.981813] ledtrig-cpu: registered to indicate activity on CPUs
[    0.984058] NET: Registered protocol family 10
[    0.989948] Segment Routing with IPv6
[    0.990849] NET: Registered protocol family 17
[    0.991861] Key type dns_resolver registered
[    0.992935] mce: Using 0 MCE banks
[    0.993686] RAS: Correctable Errors collector initialized.
[    0.994776] sched_clock: Marking stable (992718620, 0)->(1159928006, -167209386)
[    0.996371] registered taskstats version 1
[    0.997362] Loading compiled-in X.509 certificates
[    1.000861] Loaded X.509 cert 'Build time autogenerated kernel key: 1d4b83cbc5f7a3cd7e4471a5cf69d65d9314bdf5'
[    1.003649] zswap: loaded using pool lzo/zbud
[    1.009799] Key type big_key registered
[    1.011107] Key type trusted registered
[    1.014442] Key type encrypted registered
[    1.015659] AppArmor: AppArmor sha1 policy hashing enabled
[    1.017421] ima: No TPM chip found, activating TPM-bypass! (rc=-19)
[    1.019303] ima: Allocated hash algorithm: sha1
[    1.020780] evm: HMAC attrs: 0x1
[    1.022407]   Magic number: 0:745:125
[    1.023685] acpi device:00: hash matches
[    1.025069] rtc_cmos rtc_cmos: setting system clock to 2020-08-20 11:08:58 UTC (1597921738)
[    1.027563] BIOS EDD facility v0.16 2004-Jun-25, 0 devices found
[    1.029300] EDD information not available.
[    1.064648] Freeing unused kernel image memory: 2436K
[    1.072272] Write protecting the kernel read-only data: 20480k
[    1.074992] Freeing unused kernel image memory: 2008K
[    1.077185] Freeing unused kernel image memory: 1872K
[    1.094031] x86/mm: Checked W+X mappings: passed, no W+X pages found.
Loading, please wait...
starting version 237
[    1.230501] e1000: Intel(R) PRO/1000 Network Driver - version 7.3.21-k8-NAPI
[    1.231950] e1000: Copyright (c) 1999-2006 Intel Corporation.
[    1.242671] Fusion MPT base driver 3.04.20
[    1.243621] Copyright (c) 1999-2008 LSI Corporation
[    1.272899] Fusion MPT SPI Host driver 3.04.20
[    1.291362] AVX2 version of gcm_enc/dec engaged.
[    1.292436] AES CTR mode by8 optimization enabled
[    1.468387] input: ImExPS/2 Generic Explorer Mouse as /devices/platform/i8042/serio1/input/input4
[    1.700537] e1000 0000:00:03.0 eth0: (PCI:33MHz:32-bit) 02:95:95:10:ca:f7
[    1.702583] e1000 0000:00:03.0 eth0: Intel(R) PRO/1000 Network Connection
[    1.706179] mptbase: ioc0: Initiating bringup
[    1.801089] ioc0: LSI53C1030 A0: Capabilities={Initiator}
[    2.042443] scsi host2: ioc0: LSI53C1030 A0, FwRev=00000000h, Ports=1, MaxQ=256, IRQ=20
[    2.212945] scsi 2:0:0:0: Direct-Access     VBOX     HARDDISK         1.0  PQ: 0 ANSI: 5
[    2.215436] scsi target2:0:0: Beginning Domain Validation
[    2.222170] scsi target2:0:0: Domain Validation skipping write tests
[    2.223986] scsi target2:0:0: Ending Domain Validation
[    2.225615] scsi target2:0:0: asynchronous
[    2.227115] random: fast init done
[    2.228967] scsi 2:0:1:0: Direct-Access     VBOX     HARDDISK         1.0  PQ: 0 ANSI: 5
[    2.231307] scsi target2:0:1: Beginning Domain Validation
[    2.235766] scsi target2:0:1: Domain Validation skipping write tests
[    2.238639] scsi target2:0:1: Ending Domain Validation
[    2.240318] scsi target2:0:1: asynchronous
[    2.251149] random: systemd-udevd: uninitialized urandom read (16 bytes read)
[    2.253377] random: systemd-udevd: uninitialized urandom read (16 bytes read)
[    2.255366] random: systemd-udevd: uninitialized urandom read (16 bytes read)
[    2.257880] sd 2:0:0:0: Attached scsi generic sg0 type 0
[    2.259750] sd 2:0:0:0: [sda] 20971520 512-byte logical blocks: (10.7 GB/10.0 GiB)
[    2.262313] sd 2:0:0:0: [sda] Write Protect is off
[    2.264175] sd 2:0:1:0: [sdb] 20480 512-byte logical blocks: (10.5 MB/10.0 MiB)
[    2.266608] sd 2:0:1:0: [sdb] Write Protect is off
[    2.268073] sd 2:0:1:0: Attached scsi generic sg1 type 0
[    2.274872] sd 2:0:1:0: [sdb] Incomplete mode parameter data
[    2.276672] sd 2:0:1:0: [sdb] Assuming drive cache: write through
[    2.278335] sd 2:0:0:0: [sda] Incomplete mode parameter data
[    2.279426] sd 2:0:0:0: [sda] Assuming drive cache: write through
[    2.282901]  sda: sda1
[    2.285030] sd 2:0:0:0: [sda] Attached SCSI disk
[    2.290773] sd 2:0:1:0: [sdb] Attached SCSI disk
[    2.674409] e1000 0000:00:08.0 eth1: (PCI:33MHz:32-bit) 08:00:27:25:8c:69
[    2.676397] e1000 0000:00:08.0 eth1: Intel(R) PRO/1000 Network Connection
[    2.681164] e1000 0000:00:08.0 enp0s8: renamed from eth1
[    2.691353] e1000 0000:00:03.0 enp0s3: renamed from eth0
Begin: Loading essential drivers ... [    4.260331] raid6: sse2x1   gen()  5019 MB/s
[    4.308354] raid6: sse2x1   xor()  4182 MB/s
[    4.356350] raid6: sse2x2   gen()  7289 MB/s
[    4.404337] raid6: sse2x2   xor()  6552 MB/s
[    4.452333] raid6: sse2x4   gen() 10430 MB/s
[    4.500333] raid6: sse2x4   xor()  5516 MB/s
[    4.548334] raid6: avx2x1   gen() 11139 MB/s
[    4.596357] raid6: avx2x1   xor()  8591 MB/s
[    4.644330] raid6: avx2x2   gen() 14359 MB/s
[    4.692399] raid6: avx2x2   xor()  9368 MB/s
[    4.740327] raid6: avx2x4   gen() 14861 MB/s
[    4.788324] raid6: avx2x4   xor()  7610 MB/s
[    4.789256] raid6: using algorithm avx2x4 gen() 14861 MB/s
[    4.790326] raid6: .... xor() 7610 MB/s, rmw enabled
[    4.791332] raid6: using avx2x2 recovery algorithm
[    4.794832] xor: automatically using best checksumming function   avx       
[    4.798371] async_tx: api initialized (async)
done.
Begin: Running /scripts/init-premount ... done.
Begin: Mounting root file system ... Begin: Running /scripts/local-top ... done.
Begin: Running /scripts/local-premount ... [    4.867975] Btrfs loaded, crc32c=crc32c-intel
Scanning for Btrfs filesystems
done.
Warning: fsck not present, so skipping root file system
[    4.923812] EXT4-fs (sda1): mounted filesystem with ordered data mode. Opts: (null)
done.
Begin: Running /scripts/local-bottom ... done.
Begin: Running /scripts/init-bottom ... done.
[    5.181927] ip_tables: (C) 2000-2006 Netfilter Core Team
[    5.200731] systemd[1]: systemd 237 running in system mode. (+PAM +AUDIT +SELINUX +IMA +APPARMOR +SMACK +SYSVINIT +UTMP +LIBCRYPTSETUP +GCRYPT +GNUTLS +ACL +XZ +LZ4 +SECCOMP +BLKID +ELFUTILS +KMOD -IDN2 +IDN -PCRE2 default-hierarchy=hybrid)
[    5.207165] systemd[1]: Detected virtualization oracle.
[    5.208916] systemd[1]: Detected architecture x86-64.

Welcome to [1mUbuntu 18.04.5 LTS[0m!

[    5.217383] systemd[1]: Set hostname to <ubuntu>.
[    5.224381] systemd[1]: Initializing machine ID from random generator.
[    5.226366] systemd[1]: Installed transient /etc/machine-id file.
[    5.658870] systemd[1]: Set up automount Arbitrary Executable File Formats File System Automount Point.
[[0;32m  OK  [0m] Set up automount Arbitrary Executab…rmats File System Automount Point.
[    5.663344] systemd[1]: Reached target User and Group Name Lookups.
[[0;32m  OK  [0m] Reached target User and Group Name Lookups.
[    5.666424] systemd[1]: Started Forward Password Requests to Wall Directory Watch.
[[0;32m  OK  [0m] Started Forward Password Requests to Wall Directory Watch.
[    5.670144] systemd[1]: Reached target System Time Synchronized.
[[0;32m  OK  [0m] Reached target System Time Synchronized.
[[0;32m  OK  [0m] Reached target Swap.
[[0;32m  OK  [0m] Created slice System Slice.
[[0;32m  OK  [0m] Listening on Syslog Socket.
[[0;32m  OK  [0m] Listening on LVM2 poll daemon socket.
[[0;32m  OK  [0m] Listening on /dev/initctl Compatibility Named Pipe.
[[0;32m  OK  [0m] Created slice system-serial\x2dgetty.slice.
[[0;32m  OK  [0m] Listening on Journal Socket (/dev/log).
[[0;32m  OK  [0m] Listening on Network Service Netlink Socket.
[[0;32m  OK  [0m] Listening on udev Kernel Socket.
[[0;32m  OK  [0m] Listening on LVM2 metadata daemon socket.
[[0;32m  OK  [0m] Listening on Journal Audit Socket.
[[0;32m  OK  [0m] Listening on Device-mapper event daemon FIFOs.
[[0;32m  OK  [0m] Listening on Journal Socket.
         Starting Load Kernel Modules...
         Mounting Kernel Debug File System...
         Mounting POSIX Message Queue File System...[    5.719131] Loading iSCSI transport class v2.0-870.

         Starting Set the console keyboard layout...
         Starting Create list of required st…ce nodes for the current kernel...
         Starting Journal Service...
         Mounting Huge Pages File System...
[    5.753085] iscsi: registered transport (tcp)
         Starting Monitoring of LVM2 mirrors…ng dmeventd or progress polling...
         Starting Uncomplicated firewall...
         Starting Remount Root and Kernel File Systems...
[[0;32m  OK  [0m] Created slice User and Session Slice.
[[0;32m  OK  [0m] Reached target Slices.
[[0;32m  OK  [0m] Listening on udev Control Socket.
         Starting udev Coldplug all Devices...
[[0;32m  OK  [0m] Mounted Kernel Debug File System.
[[0;32m  OK  [0m] Mounted POSIX Message Queue File System.
[[0;32m  OK  [0m] Started Create list of required sta…vice nodes for the current kernel.
[[0;32m  OK  [0m] Mounted Huge Pages File System.
         Starting Create Static Device Nodes in /dev...
[[0;32m  OK  [0m] Started Uncomplicated firewall.
[[0;32m  OK  [0m] Started LVM2 metadata daemon.
[[0;32m  OK  [0m] Started Journal Service.
[    5.929408] EXT4-fs (sda1): re-mounted. Opts: (null)
[[0;32m  OK  [0m] Started Remount Root and Kernel File Systems.
         Starting Load/Save Random Seed...
         Starting Flush Journal to Persistent Storage...
[[0;32m  OK  [0m] Started Create Static Device Nodes in /dev.
         Starting udev Kernel Device Manager...
[    6.016740] systemd-journald[395]: Received request to flush runtime journal from PID 1
[[0;32m  OK  [0m] Started Load/Save Random Seed.
[[0;32m  OK  [0m] Started Monitoring of LVM2 mirrors,…sing dmeventd or progress polling.
[[0;32m  OK  [0m] Started udev Kernel Device Manager.
[    6.115017] iscsi: registered transport (iser)
[[0;32m  OK  [0m] Started Load Kernel Modules.
         Mounting Kernel Configuration File System...
         Starting Apply Kernel Variables...
         Mounting FUSE Control File System...
[[0;32m  OK  [0m] Started udev Coldplug all Devices.
[[0;32m  OK  [0m] Started Flush Journal to Persistent Storage.
[[0;32m  OK  [0m] Mounted Kernel Configuration File System.
[[0;32m  OK  [0m] Mounted FUSE Control File System.
[[0;32m  OK  [0m] Started Apply Kernel Variables.
[[0;32m  OK  [0m] Started Set the console keyboard layout.
[[0;32m  OK  [0m] Started Dispatch Password Requests to Console Directory Watch.
[[0;32m  OK  [0m] Reached target Local Encrypted Volumes.
[[0;32m  OK  [0m] Reached target Local File Systems (Pre).
[[0;32m  OK  [0m] Reached target Local File Systems.
         Starting Set console font and keymap...
         Starting Commit a transient machine-id on disk...
         Starting ebtables ruleset management...
         Starting Tell Plymouth To Write Out Runtime Data...
         Starting AppArmor initialization...
         Starting Create Volatile Files and Directories...
[[0;32m  OK  [0m] Started Set console font and keymap.
[[0;32m  OK  [0m] Started Commit a transient machine-id on disk.
[[0;32m  OK  [0m] Started Tell Plymouth To Write Out Runtime Data.
[[0;32m  OK  [0m] Started Create Volatile Files and Directories.
         Starting Update UTMP about System Boot/Shutdown...
[[0;32m  OK  [0m] Started Update UTMP about System Boot/Shutdown.
[[0;32m  OK  [0m] Started ebtables ruleset management.
[[0;32m  OK  [0m] Found device /dev/ttyS0.
[[0;32m  OK  [0m] Listening on Load/Save RF Kill Switch Status /dev/rfkill Watch.
[[0;32m  OK  [0m] Started AppArmor initialization.
         Starting Initial cloud-init job (pre-networking)...
         Starting Load AppArmor profiles managed internally by snapd...
[[0;32m  OK  [0m] Started Load AppArmor profiles managed internally by snapd.
[   11.019896] cloud-init[537]: Cloud-init v. 20.2-45-g5f7825e2-0ubuntu1~18.04.1 running 'init-local' at Thu, 20 Aug 2020 11:09:07 +0000. Up 10.42 seconds.
[[0;32m  OK  [0m] Started Initial cloud-init job (pre-networking).
[[0;32m  OK  [0m] Reached target Network (Pre).
         Starting Network Service...
[[0;32m  OK  [0m] Started Network Service.
         Starting Network Name Resolution...
         Starting Wait for Network to be Configured...
[[0;32m  OK  [0m] Started Network Name Resolution.
[[0;32m  OK  [0m] Reached target Network.
[[0;32m  OK  [0m] Reached target Host and Network Name Lookups.
[[0;32m  OK  [0m] Started Wait for Network to be Configured.
         Starting Initial cloud-init job (metadata service crawler)...
[   14.085535] cloud-init[631]: Cloud-init v. 20.2-45-g5f7825e2-0ubuntu1~18.04.1 running 'init' at Thu, 20 Aug 2020 11:09:11 +0000. Up 13.79 seconds.
[   14.088565] cloud-init[631]: ci-info: ++++++++++++++++++++++++++++++++++++++Net device info+++++++++++++++++++++++++++++++++++++++
[   14.094362] cloud-init[631]: ci-info: +--------+-------+----------------------------+---------------+--------+-------------------+
[   14.095624] cloud-init[631]: ci-info: | Device |   Up  |          Address           |      Mask     | Scope  |     Hw-Address    |
[   14.100465] cloud-init[631]: ci-info: +--------+-------+----------------------------+---------------+--------+-------------------+
[   14.102314] cloud-init[631]: ci-info: | enp0s3 |  True |         10.0.2.15          | 255.255.255.0 | global | 02:95:95:10:ca:f7 |
[   14.106986] cloud-init[631]: ci-info: | enp0s3 |  True | fe80::95:95ff:fe10:caf7/64 |       .       |  link  | 02:95:95:10:ca:f7 |
[   14.117064] cloud-init[631]: ci-info: | enp0s8 | False |             .              |       .       |   .    | 08:00:27:25:8c:69 |
[   14.119823] cloud-init[631]: ci-info: |   lo   |  True |         127.0.0.1          |   255.0.0.0   |  host  |         .         |
[   14.123186] cloud-init[631]: ci-info: |   lo   |  True |          ::1/128           |       .       |  host  |         .         |
[   14.126164] cloud-init[631]: ci-info: +--------+-------+----------------------------+---------------+--------+-------------------+
[   14.132113] cloud-init[631]: ci-info: ++++++++++++++++++++++++++++Route IPv4 info+++++++++++++++++++++++++++++
[   14.134639] cloud-init[631]: ci-info: +-------+-------------+----------+-----------------+-----------+-------+
[   14.141500] cloud-init[631]: ci-info: | Route | Destination | Gateway  |     Genmask     | Interface | Flags |
[   14.144276] cloud-init[631]: ci-info: +-------+-------------+----------+-----------------+-----------+-------+
[   14.152995] cloud-init[631]: ci-info: |   0   |   0.0.0.0   | 10.0.2.2 |     0.0.0.0     |   enp0s3  |   UG  |
[   14.157329] cloud-init[631]: ci-info: |   1   |   10.0.2.0  | 0.0.0.0  |  255.255.255.0  |   enp0s3  |   U   |
[   14.161250] cloud-init[631]: ci-info: |   2   |   10.0.2.2  | 0.0.0.0  | 255.255.255.255 |   enp0s3  |   UH  |
[   14.165146] cloud-init[631]: ci-info: +-------+-------------+----------+-----------------+-----------+-------+
[   14.169127] cloud-init[631]: ci-info: +++++++++++++++++++Route IPv6 info+++++++++++++++++++
[   14.176802] cloud-init[631]: ci-info: +-------+-------------+---------+-----------+-------+
[   14.178086] cloud-init[631]: ci-info: | Route | Destination | Gateway | Interface | Flags |
[   14.179361] cloud-init[631]: ci-info: +-------+-------------+---------+-----------+-------+
[   14.183821] cloud-init[631]: ci-info: |   1   |  fe80::/64  |    ::   |   enp0s3  |   U   |
[   14.187023] cloud-init[631]: ci-info: |   3   |    local    |    ::   |   enp0s3  |   U   |
[   14.190420] cloud-init[631]: ci-info: |   4   |   ff00::/8  |    ::   |   enp0s3  |   U   |
[   14.200555] cloud-init[631]: ci-info: +-------+-------------+---------+-----------+-------+
[   14.957241] cloud-init[631]: Generating public/private rsa key pair.
[   14.958889] cloud-init[631]: Your identification has been saved in /etc/ssh/ssh_host_rsa_key.
[   14.965154] cloud-init[631]: Your public key has been saved in /etc/ssh/ssh_host_rsa_key.pub.
[   14.966917] cloud-init[631]: The key fingerprint is:
[   14.968022] cloud-init[631]: SHA256:FvHLta1HEwSFiaUbDuybScYCmlczdjb68/nRIWsq7gI root@ubuntu-bionic
[   14.972499] cloud-init[631]: The key's randomart image is:
[   14.973345] cloud-init[631]: +---[RSA 2048]----+
[   14.985308] cloud-init[631]: |        .  oo=o  |
[   14.986237] cloud-init[631]: |       . o..o.   |
[   14.987263] cloud-init[631]: |    . = B + . .  |
[   14.993218] cloud-init[631]: |   o + O * = o . |
[   15.004890] cloud-init[631]: |  o . o S = o =  |
[   15.005615] cloud-init[631]: |   .E  * +   * o |
[   15.016862] cloud-init[631]: |     .  *   = o  |
[   15.018355] cloud-init[631]: |      . .o + o   |
[   15.020383] cloud-init[631]: |       +o.+..    |
[   15.024434] cloud-init[631]: +----[SHA256]-----+
[   15.025413] cloud-init[631]: Generating public/private dsa key pair.
[   15.029333] cloud-init[631]: Your identification has been saved in /etc/ssh/ssh_host_dsa_key.
[   15.030983] cloud-init[631]: Your public key has been saved in /etc/ssh/ssh_host_dsa_key.pub.
[   15.037385] cloud-init[631]: The key fingerprint is:
[   15.039093] cloud-init[631]: SHA256:7dpm5qmtypJc/1A4lKhhMNC8wyq3o/+2gSgueH+44kc root@ubuntu-bionic
[   15.045318] cloud-init[631]: The key's randomart image is:
[   15.047462] cloud-init[631]: +---[DSA 1024]----+
[   15.060750] cloud-init[631]: |.+o              |
[   15.061493] cloud-init[631]: |  oo   . .       |
[   15.072493] cloud-init[631]: | . .o . o        |
[   15.073413] cloud-init[631]: |  +. o . o       |
[   15.074235] cloud-init[631]: | . ..   S o      |
[   15.085534] cloud-init[631]: |o...E .  +       |
[   15.086402] cloud-init[631]: |=..+.+ .. .      |
[   15.096973] cloud-init[631]: |= = Bo. .=+.     |
[   15.097734] cloud-init[631]: |o*oB==o.+O*      |
[   15.109146] cloud-init[631]: +----[SHA256]-----+
[   15.120458] cloud-init[631]: Generating public/private ecdsa key pair.
[   15.121457] cloud-init[631]: Your identification has been saved in /etc/ssh/ssh_host_ecdsa_key.
[   15.122844] cloud-init[631]: Your public key has been saved in /etc/ssh/ssh_host_ecdsa_key.pub.
[   15.129459] cloud-init[631]: The key fingerprint is:
[   15.130413] cloud-init[631]: SHA256:2RDWk+t45i6NsX2lVusSYL177Tcbc2kI/CbXfitVrOs root@ubuntu-bionic
[   15.131979] cloud-init[631]: The key's randomart image is:
[   15.133080] cloud-init[631]: +---[ECDSA 256]---+
[   15.137063] cloud-init[631]: |        o. .     |
[   15.138096] cloud-init[631]: |       . .+      |
[   15.138999] cloud-init[631]: |        .  +   . |
[   15.144784] cloud-init[631]: |         += .   o|
[   15.145899] cloud-init[631]: |        S+.+ . ..|
[   15.146903] cloud-init[631]: |        o + = *..|
[   15.147996] cloud-init[631]: |         X . @.X.|
[[0;32m  OK  [0m] Started Initial cloud-init job (metadata service crawler).
[   15.154004] cloud-init[631]: |        + + X.*.B|
[[0;32m  OK  [0m] Reached target Network is Online.
[   15.159162] cloud-init[631]: |         o.o =E=B|[[0;32m  OK  [0m] Reached target Remote File Systems (Pre).
[[0;32m  OK  [0m] Reached target Remote File Systems.

[   15.170182] cloud-init[631]: +----[SHA256]-----+
         Starting Availability of block devices...
[[0;32m  OK  [0m] Reached target System Initialization.
[[0;32m  OK  [0m] Listening on Open-iSCSI iscsid Socket.
[[0;32m  OK  [0m] Started Daily Cleanup of Temporary Directories.
[   15.180255] [[0;32m  OK  [0m] Listening on ACPID Listen Socket.
[[0;32m  OK  [0m] Started Daily apt download activities.
cloud-init         Starting LXD - unix socket.
[631]: Generating public/private ed25519 key pair.
[[0;32m  OK  [0m] Listening on UUID daemon activation socket.
[[0;32m  OK  [0m] Started Daily apt upgrade and clean activities.
[[0;32m  OK  [0m[   15.190409] cloud-init[631]: Your identification has been saved in /etc/ssh/ssh_host_ed25519_key.
[   15.200235] ] Listening on D-Bus System Message Bus Socket.
[[0;32m  OK  [0m] Started ACPI Events Check.
[[0;32m  OK  [0m] Reached target Paths.
[[0;32m  OK  [0m] Started Message of the Day.
[[0;32m  OK  [0m] Started Discard unused blocks once a week.cloud-init[631]: Your public key has been saved in /etc/ssh/ssh_host_ed25519_key.pub.
[   15.222081] cloud-init[631]: The key fingerprint is:
[   15.223374] cloud-init[631]: 
[[0;32m  OK  [0m] Reached target Timers.
         Starting Socket activation for snappy daemon.
[[0;32m  OK  [0m] Reached target Cloud-config availability.
SHA256:R3z1xOwWmfnFErIYFg2dI3rJNGI1+taK5Ml+Lc+Xhbo root@ubuntu-bionic
[[0;32m  OK  [0m] Started Availability of block devices.
[[0;32m  OK  [0m] Listening on LXD - unix socket.
[[0;32m  OK  [0m] Listening on Socket activation for snappy daemon.
[[0;32m  OK  [0m] Reached target Sockets.
[[0;32m  OK  [0m] Reached target Basic System.
[   15.243869] cloud-init[631]: The key's randomart image is:
         Starting Login Service...[   15.254372] cloud-init[631]: +--[ED25519 256]--+
[   15.255321] cloud-init[631]: |         .B=..o==|
[[0;32m  OK  [0m] Started Deferred execution scheduler.
         Starting LSB: Record successful boot for GRUB...

         Starting Accounts Service...
[   15.285889] cloud-init[631]: |        o+++=+.B=|
[   15.288842] cloud-init[631]: |       ..=++o. o=|
[[0;32m  OK  [0m] Started Regular background program processing daemon.[   15.304611] cloud-init[631]: |        .o+o    +|
[   15.305443] cloud-init[631]: |        S.+ .  o |
[   15.306367] cloud-init[631]: |       + = .  . .|
[   15.306998] cloud-init[631]: |        = .. . o |
[   15.307740] cloud-init
         Starting Virtualbox guest utils...
[[0;32m  OK  [0m] Started D-Bus System Message Bus.
[631]: |       .  o.o o  |
[   15.335763] cloud-init[631]: |        .. oEo   |
[   15.342886] cloud-init[631]: +----[SHA256]-----+
         Starting Pollinate to seed the pseudo random number generator...
[[0;32m  OK  [0m] Started FUSE filesystem for LXC.
[[0;32m  OK  [0m] Started irqbalance daemon.
         Starting LXD - container startup/shutdown...
         Starting LSB: automatic crash report generation...
         Starting Permit User Sessions...
         Starting Snap Daemon...
         Starting System Logging Service...
         Starting Dispatcher daemon for systemd-networkd...
[[0;32m  OK  [0m] Started Permit User Sessions.
[[0;32m  OK  [0m] Started Login Service.
         Starting Authorization Manager...
[[0;32m  OK  [0m] Started Unattended Upgrades Shutdown.
         Starting Terminate Plymouth Boot Screen...
         Starting Hold until boot process finishes up...
[[0;32m  OK  [0m] Started Hold until boot process finishes up.
         Starting Set console scheme...
[[0;32m  OK  [0m] Started Serial Getty on ttyS0.
[[0;32m  OK  [0m] Started Terminate Plymouth Boot Screen.
[[0;32m  OK  [0m] Started System Logging Service.
[[0;32m  OK  [0m] Started Set console scheme.
[[0;32m  OK  [0m] Created slice system-getty.slice.
[[0;32m  OK  [0m] Started Getty on tty1.
[[0;32m  OK  [0m] Reached target Login Prompts.
[[0;32m  OK  [0m] Started LSB: Record successful boot for GRUB.
[[0;32m  OK  [0m] Started LSB: automatic crash report generation.
[[0;32m  OK  [0m] Started Authorization Manager.
[[0;32m  OK  [0m] Started Accounts Service.
[[0;32m  OK  [0m] Started LXD - container startup/shutdown.
[[0;32m  OK  [0m] Started Virtualbox guest utils.
[[0;32m  OK  [0m] Started Dispatcher daemon for systemd-networkd.
[[0;32m  OK  [0m] Started Snap Daemon.
         Starting Wait until snapd is fully seeded...
[[0;32m  OK  [0m] Started Wait until snapd is fully seeded.
         Starting Apply the settings specified in cloud-config...
[   20.805384] cloud-init[910]: Cloud-init v. 20.2-45-g5f7825e2-0ubuntu1~18.04.1 running 'modules:config' at Thu, 20 Aug 2020 11:09:17 +0000. Up 19.95 seconds.
[[0;32m  OK  [0m] Started Apply the settings specified in cloud-config.

Ubuntu 18.04.5 LTS ubuntu-bionic ttyS0

ubuntu-bionic login: ci-info: no authorized SSH keys fingerprints found for user ubuntu.
<14>Aug 20 11:09:21 ec2: 
<14>Aug 20 11:09:21 ec2: #############################################################
<14>Aug 20 11:09:21 ec2: -----BEGIN SSH HOST KEY FINGERPRINTS-----
<14>Aug 20 11:09:21 ec2: 1024 SHA256:7dpm5qmtypJc/1A4lKhhMNC8wyq3o/+2gSgueH+44kc root@ubuntu-bionic (DSA)
<14>Aug 20 11:09:22 ec2: 256 SHA256:2RDWk+t45i6NsX2lVusSYL177Tcbc2kI/CbXfitVrOs root@ubuntu-bionic (ECDSA)
<14>Aug 20 11:09:22 ec2: 256 SHA256:R3z1xOwWmfnFErIYFg2dI3rJNGI1+taK5Ml+Lc+Xhbo root@ubuntu-bionic (ED25519)
<14>Aug 20 11:09:22 ec2: 2048 SHA256:FvHLta1HEwSFiaUbDuybScYCmlczdjb68/nRIWsq7gI root@ubuntu-bionic (RSA)
<14>Aug 20 11:09:22 ec2: -----END SSH HOST KEY FINGERPRINTS-----
<14>Aug 20 11:09:22 ec2: #############################################################
-----BEGIN SSH HOST KEY KEYS-----
ecdsa-sha2-nistp256 AAAAE2VjZHNhLXNoYTItbmlzdHAyNTYAAAAIbmlzdHAyNTYAAABBBGX0W41kKoz22DykRI5NfNio5f4Fypk+FXc3jc3aZ0TXCLcZesiarnIYyBJtqk8T+jzpwIKLmXg4g2YLUgz1P70= root@ubuntu-bionic
ssh-ed25519 AAAAC3NzaC1lZDI1NTE5AAAAIHm4ZUJ8gSdvGmBp/S6QL0ngxVzC0bW7GHMqnAO2gt6Y root@ubuntu-bionic
ssh-rsa AAAAB3NzaC1yc2EAAAADAQABAAABAQCspHtykb+i5RnJXa6C1Opy30cD++I0oq6S225fjw1w2lifPmWVbaxgE0PHyI4l11t4K/H/AKy0pdpotbPlvAaszbMJpOfPYWhE0G8xut9YymIiTDfwUZDAzk2tLYkMVhuk7pKrobOzLTF//PDAx92ywH1aW0J3ZEzBZmEe7SU9LYWdUjgBCnx4Uv+qb/qj7Jg/+N+G+qKFsQeuNf6eMyjkqydU4cGm/Q1Xiwvux8FpG5iPTnVOyvz2qoxb4lRNdb834JStrki6s424bW1jXqB8lrm27be9HYBzQpknvc9hHjAHMoAKhMBQXjDk2HGve0S63FfeSSbmLtRlWnqSnEA/ root@ubuntu-bionic
-----END SSH HOST KEY KEYS-----
[   24.599191] cloud-init[994]: Cloud-init v. 20.2-45-g5f7825e2-0ubuntu1~18.04.1 running 'modules:final' at Thu, 20 Aug 2020 11:09:21 +0000. Up 24.10 seconds.
[   24.604768] cloud-init[994]: ci-info: no authorized SSH keys fingerprints found for user ubuntu.
[   24.612087] cloud-init[994]: Cloud-init v. 20.2-45-g5f7825e2-0ubuntu1~18.04.1 finished at Thu, 20 Aug 2020 11:09:22 +0000. Datasource DataSourceNoCloud [seed=/dev/sdb][dsmode=net].  Up 24.56 seconds
